  [1m[35m (1095.2ms)[0m  [1m[35mCREATE DATABASE "rails_starter_project_development" ENCODING = 'unicode'[0m
  [1m[35m (974.2ms)[0m  [1m[35mCREATE DATABASE "rails_starter_project_test" ENCODING = 'unicode'[0m
  [1m[35m (195.2ms)[0m  [1m[35mCREATE TABLE "schema_migrations" ("version" character varying NOT NULL PRIMARY KEY)[0m
  [1m[35m (127.8ms)[0m  [1m[35mCREATE TABLE "ar_internal_metadata" ("key" character varying NOT NULL PRIMARY KEY, "value" character varying, "created_at" timestamp(6) NOT NULL, "updated_at" timestamp(6) NOT NULL)[0m
  [1m[35m (0.5ms)[0m  [1m[34mSELECT pg_try_advisory_lock(1259679036239343510)[0m
  [1m[35m (0.8ms)[0m  [1m[34mSELECT "schema_migrations"."version" FROM "schema_migrations" ORDER BY "schema_migrations"."version" ASC[0m
Migrating to CreateValeraActions (20220121184132)
  [1m[36mTRANSACTION (0.3ms)[0m  [1m[35mBEGIN[0m
  [1m[35m (101.1ms)[0m  [1m[35mCREATE TABLE "valera_actions" ("id" bigserial primary key, "name" character varying, "health" integer, "alcohol" integer, "happy" integer, "tired" integer, "money" integer, "created_at" timestamp(6) NOT NULL, "updated_at" timestamp(6) NOT NULL)[0m
  [1m[36mActiveRecord::SchemaMigration Create (0.6ms)[0m  [1m[32mINSERT INTO "schema_migrations" ("version") VALUES ($1) RETURNING "version"[0m  [["version", "20220121184132"]]
  [1m[36mTRANSACTION (22.1ms)[0m  [1m[35mCOMMIT[0m
Migrating to CreateConditions (20220121184230)
  [1m[36mTRANSACTION (0.3ms)[0m  [1m[35mBEGIN[0m
  [1m[35m (130.1ms)[0m  [1m[35mCREATE TABLE "conditions" ("id" bigserial primary key, "attr_name" character varying, "min" integer, "max" integer, "attr_name_eff" character varying, "value_eff" integer, "ValeraAction_id" bigint NOT NULL, "created_at" timestamp(6) NOT NULL, "updated_at" timestamp(6) NOT NULL, CONSTRAINT "fk_rails_9a27f50f7c"
FOREIGN KEY ("ValeraAction_id")
  REFERENCES "ValeraActions" ("id")
)[0m
  [1m[36mTRANSACTION (0.2ms)[0m  [1m[31mROLLBACK[0m
  [1m[35m (0.5ms)[0m  [1m[34mSELECT pg_advisory_unlock(1259679036239343510)[0m
  [1m[35m (0.3ms)[0m  [1m[34mSELECT pg_try_advisory_lock(1259679036239343510)[0m
  [1m[35m (0.9ms)[0m  [1m[34mSELECT "schema_migrations"."version" FROM "schema_migrations" ORDER BY "schema_migrations"."version" ASC[0m
Migrating to CreateConditions (20220121184230)
  [1m[36mTRANSACTION (0.2ms)[0m  [1m[35mBEGIN[0m
  [1m[35m (134.5ms)[0m  [1m[35mCREATE TABLE "conditions" ("id" bigserial primary key, "attr_name" character varying, "min" integer, "max" integer, "attr_name_eff" character varying, "value_eff" integer, "ValeraActions_id" bigint NOT NULL, "created_at" timestamp(6) NOT NULL, "updated_at" timestamp(6) NOT NULL, CONSTRAINT "fk_rails_b10f016742"
FOREIGN KEY ("ValeraActions_id")
  REFERENCES "ValeraActions" ("id")
)[0m
  [1m[36mTRANSACTION (0.3ms)[0m  [1m[31mROLLBACK[0m
  [1m[35m (0.6ms)[0m  [1m[34mSELECT pg_advisory_unlock(1259679036239343510)[0m
  [1m[35m (0.2ms)[0m  [1m[34mSELECT pg_try_advisory_lock(1259679036239343510)[0m
  [1m[35m (0.7ms)[0m  [1m[34mSELECT "schema_migrations"."version" FROM "schema_migrations" ORDER BY "schema_migrations"."version" ASC[0m
Migrating to CreateConditions (20220121184230)
  [1m[36mTRANSACTION (0.2ms)[0m  [1m[35mBEGIN[0m
  [1m[35m (125.7ms)[0m  [1m[35mCREATE TABLE "conditions" ("id" bigserial primary key, "attr_name" character varying, "min" integer, "max" integer, "attr_name_eff" character varying, "value_eff" integer, "ValeraActions_id" bigint NOT NULL, "created_at" timestamp(6) NOT NULL, "updated_at" timestamp(6) NOT NULL, CONSTRAINT "fk_rails_b10f016742"
FOREIGN KEY ("ValeraActions_id")
  REFERENCES "ValeraActions" ("id")
)[0m
  [1m[36mTRANSACTION (0.2ms)[0m  [1m[31mROLLBACK[0m
  [1m[35m (0.4ms)[0m  [1m[34mSELECT pg_advisory_unlock(1259679036239343510)[0m
  [1m[35m (0.3ms)[0m  [1m[34mSELECT pg_try_advisory_lock(1259679036239343510)[0m
  [1m[35m (1.1ms)[0m  [1m[34mSELECT "schema_migrations"."version" FROM "schema_migrations" ORDER BY "schema_migrations"."version" ASC[0m
Migrating to CreateConditions (20220121184230)
  [1m[36mTRANSACTION (0.2ms)[0m  [1m[35mBEGIN[0m
  [1m[35m (137.5ms)[0m  [1m[35mCREATE TABLE "conditions" ("id" bigserial primary key, "attr_name" character varying, "min" integer, "max" integer, "attr_name_eff" character varying, "value_eff" integer, "valera_actions_id" bigint NOT NULL, "created_at" timestamp(6) NOT NULL, "updated_at" timestamp(6) NOT NULL, CONSTRAINT "fk_rails_8af0219382"
FOREIGN KEY ("valera_actions_id")
  REFERENCES "valera_actions" ("id")
)[0m
  [1m[35m (57.6ms)[0m  [1m[35mCREATE INDEX "index_conditions_on_valera_actions_id" ON "conditions" ("valera_actions_id")[0m
  [1m[36mActiveRecord::SchemaMigration Create (0.5ms)[0m  [1m[32mINSERT INTO "schema_migrations" ("version") VALUES ($1) RETURNING "version"[0m  [["version", "20220121184230"]]
  [1m[36mTRANSACTION (28.7ms)[0m  [1m[35mCOMMIT[0m
Migrating to CreateUsers (20220121184432)
  [1m[36mTRANSACTION (0.3ms)[0m  [1m[35mBEGIN[0m
  [1m[35m (102.3ms)[0m  [1m[35mCREATE TABLE "users" ("id" bigserial primary key, "email" character varying, "name" character varying, "password_digest" character varying, "health" integer, "alcohol" integer, "happy" integer, "tired" integer, "money" integer, "created_at" timestamp(6) NOT NULL, "updated_at" timestamp(6) NOT NULL)[0m
  [1m[36mActiveRecord::SchemaMigration Create (0.5ms)[0m  [1m[32mINSERT INTO "schema_migrations" ("version") VALUES ($1) RETURNING "version"[0m  [["version", "20220121184432"]]
  [1m[36mTRANSACTION (26.0ms)[0m  [1m[35mCOMMIT[0m
Migrating to CreateStatsRecords (20220121184635)
  [1m[36mTRANSACTION (0.3ms)[0m  [1m[35mBEGIN[0m
  [1m[35m (128.4ms)[0m  [1m[35mCREATE TABLE "stats_records" ("id" bigserial primary key, "name" character varying, "money" integer, "created_at" timestamp(6) NOT NULL, "updated_at" timestamp(6) NOT NULL)[0m
  [1m[36mActiveRecord::SchemaMigration Create (0.5ms)[0m  [1m[32mINSERT INTO "schema_migrations" ("version") VALUES ($1) RETURNING "version"[0m  [["version", "20220121184635"]]
  [1m[36mTRANSACTION (29.1ms)[0m  [1m[35mCOMMIT[0m
  [1m[36mActiveRecord::InternalMetadata Load (0.6ms)[0m  [1m[34mSELECT "ar_internal_metadata".* FROM "ar_internal_metadata" WHERE "ar_internal_metadata"."key" = $1 LIMIT $2[0m  [["key", "environment"], ["LIMIT", 1]]
  [1m[36mTRANSACTION (0.3ms)[0m  [1m[35mBEGIN[0m
  [1m[36mActiveRecord::InternalMetadata Create (0.7ms)[0m  [1m[32mINSERT INTO "ar_internal_metadata" ("key", "value", "created_at", "updated_at") VALUES ($1, $2, $3, $4) RETURNING "key"[0m  [["key", "environment"], ["value", "development"], ["created_at", "2022-01-21 18:57:50.443525"], ["updated_at", "2022-01-21 18:57:50.443525"]]
  [1m[36mTRANSACTION (25.5ms)[0m  [1m[35mCOMMIT[0m
  [1m[35m (0.5ms)[0m  [1m[34mSELECT pg_advisory_unlock(1259679036239343510)[0m
  [1m[35m (0.8ms)[0m  [1m[34mSELECT "schema_migrations"."version" FROM "schema_migrations" ORDER BY "schema_migrations"."version" ASC[0m
